<?xml version="1.0" encoding="UTF-8"?>
<testsuite name="com.xyz.myblog.MyblogApplicationTests" tests="1" skipped="0" failures="0" errors="0" timestamp="2025-07-14T03:27:32.691Z" hostname="xudeMacBook-Pro.local" time="0.533">
  <properties/>
  <testcase name="contextLoads()" classname="com.xyz.myblog.MyblogApplicationTests" time="0.533"/>
  <system-out><![CDATA[11:27:31.084 [Test worker] INFO org.springframework.test.context.support.AnnotationConfigContextLoaderUtils -- Could not detect default configuration classes for test class [com.xyz.myblog.MyblogApplicationTests]: MyblogApplicationTests does not declare any static, non-private, non-final, nested classes annotated with @Configuration.
11:27:31.169 [Test worker] INFO org.springframework.boot.test.context.SpringBootTestContextBootstrapper -- Found @SpringBootConfiguration com.xyz.myblog.MyblogApplication for test class com.xyz.myblog.MyblogApplicationTests

  .   ____          _            __ _ _
 /\\ / ___'_ __ _ _(_)_ __  __ _ \ \ \ \
( ( )\___ | '_ | '_| | '_ \/ _` | \ \ \ \
 \\/  ___)| |_)| | | | | || (_| |  ) ) ) )
  '  |____| .__|_| |_|_| |_\__, | / / / /
 =========|_|==============|___/=/_/_/_/

 :: Spring Boot ::                (v3.5.3)

2025-07-14 11:27:31 - Starting MyblogApplicationTests using Java 17.0.12 with PID 27234 (started by xuyanzhang in /Users/xuyanzhang/code/myblog)
2025-07-14 11:27:31 - No active profile set, falling back to 1 default profile: "default"
2025-07-14 11:27:32 - No MyBatis mapper was found in '[com.xyz.myblog]' package. Please check your configuration.
 _ _   |_  _ _|_. ___ _ |    _ 
| | |\/|_)(_| | |_\  |_)||_|_\ 
     /               |         
                        3.5.5 
2025-07-14 11:27:32 - Started MyblogApplicationTests in 1.406 seconds (process running for 2.32)
]]></system-out>
  <system-err><![CDATA[]]></system-err>
</testsuite>
